{"level":"info","ts":1764646345.4462066,"caller":"storage/manager.go:48","msg":"Created storage directory","path":"/var/losslesscut/uploads"}
{"level":"info","ts":1764646345.4462667,"caller":"storage/manager.go:48","msg":"Created storage directory","path":"/var/losslesscut/projects"}
{"level":"info","ts":1764646345.4462738,"caller":"storage/manager.go:48","msg":"Created storage directory","path":"/var/losslesscut/outputs"}
{"level":"info","ts":1764646345.4462829,"caller":"storage/manager.go:48","msg":"Created storage directory","path":"/var/losslesscut/temp"}
{"level":"info","ts":1764646345.4462917,"caller":"storage/manager.go:48","msg":"Created storage directory","path":"/var/losslesscut/downloads"}
{"level":"info","ts":1764646345.4462976,"caller":"storage/manager.go:48","msg":"Created storage directory","path":"/var/losslesscut/videos"}
{"level":"info","ts":1764646345.4463031,"caller":"storage/manager.go:48","msg":"Created storage directory","path":"/var/losslesscut/waveforms"}
{"level":"info","ts":1764646345.446316,"caller":"storage/manager.go:48","msg":"Created storage directory","path":"/var/losslesscut/screenshots"}
[GIN-debug] [WARNING] Running in "debug" mode. Switch to "release" mode in production.
 - using env:	export GIN_MODE=release
 - using code:	gin.SetMode(gin.ReleaseMode)

[GIN-debug] GET    /health                   --> github.com/mifi/lossless-cut/backend/internal/api.NewRouter.func1 (4 handlers)
[GIN-debug] GET    /api/system/info          --> github.com/mifi/lossless-cut/backend/internal/api/handlers.(*SystemHandler).Info-fm (4 handlers)
[GIN-debug] GET    /api/system/stats         --> github.com/mifi/lossless-cut/backend/internal/api/handlers.(*SystemHandler).GetStats-fm (4 handlers)
[GIN-debug] DELETE /api/system/clear-all     --> github.com/mifi/lossless-cut/backend/internal/api/handlers.(*SystemHandler).ClearAll-fm (4 handlers)
[GIN-debug] POST   /api/system/session/start --> github.com/mifi/lossless-cut/backend/internal/api/handlers.(*SystemHandler).SessionStart-fm (4 handlers)
[GIN-debug] POST   /api/system/session/heartbeat --> github.com/mifi/lossless-cut/backend/internal/api/handlers.(*SystemHandler).SessionHeartbeat-fm (4 handlers)
[GIN-debug] POST   /api/system/session/end   --> github.com/mifi/lossless-cut/backend/internal/api/handlers.(*SystemHandler).SessionEnd-fm (4 handlers)
[GIN-debug] POST   /api/projects             --> github.com/mifi/lossless-cut/backend/internal/api/handlers.(*ProjectHandler).Create-fm (4 handlers)
[GIN-debug] GET    /api/projects             --> github.com/mifi/lossless-cut/backend/internal/api/handlers.(*ProjectHandler).List-fm (4 handlers)
[GIN-debug] GET    /api/projects/:id         --> github.com/mifi/lossless-cut/backend/internal/api/handlers.(*ProjectHandler).Get-fm (4 handlers)
[GIN-debug] PUT    /api/projects/:id         --> github.com/mifi/lossless-cut/backend/internal/api/handlers.(*ProjectHandler).Update-fm (4 handlers)
[GIN-debug] DELETE /api/projects/:id         --> github.com/mifi/lossless-cut/backend/internal/api/handlers.(*ProjectHandler).Delete-fm (4 handlers)
[GIN-debug] POST   /api/projects/:id/export  --> github.com/mifi/lossless-cut/backend/internal/api/handlers.(*ProjectHandler).Export-fm (4 handlers)
[GIN-debug] POST   /api/projects/:id/segments --> github.com/mifi/lossless-cut/backend/internal/api/handlers.(*ProjectHandler).AddSegment-fm (4 handlers)
[GIN-debug] PUT    /api/projects/:id/segments/:segmentId --> github.com/mifi/lossless-cut/backend/internal/api/handlers.(*ProjectHandler).UpdateSegment-fm (4 handlers)
[GIN-debug] DELETE /api/projects/:id/segments/:segmentId --> github.com/mifi/lossless-cut/backend/internal/api/handlers.(*ProjectHandler).DeleteSegment-fm (4 handlers)
[GIN-debug] POST   /api/videos/upload        --> github.com/mifi/lossless-cut/backend/internal/api/handlers.(*VideoHandler).Upload-fm (4 handlers)
[GIN-debug] POST   /api/videos/download      --> github.com/mifi/lossless-cut/backend/internal/api/handlers.(*VideoHandler).Download-fm (4 handlers)
[GIN-debug] GET    /api/videos/:id/stream    --> github.com/mifi/lossless-cut/backend/internal/api/handlers.(*VideoHandler).Stream-fm (4 handlers)
[GIN-debug] GET    /api/videos/:id/waveform  --> github.com/mifi/lossless-cut/backend/internal/api/handlers.(*VideoHandler).Waveform-fm (4 handlers)
[GIN-debug] POST   /api/videos/:id/screenshot --> github.com/mifi/lossless-cut/backend/internal/api/handlers.(*VideoHandler).Screenshot-fm (4 handlers)
[GIN-debug] DELETE /api/videos/:id           --> github.com/mifi/lossless-cut/backend/internal/api/handlers.(*VideoHandler).Delete-fm (4 handlers)
[GIN-debug] GET    /api/screenshots/:filename --> github.com/mifi/lossless-cut/backend/internal/api.NewRouter.func2 (4 handlers)
[GIN-debug] POST   /api/downloads            --> github.com/mifi/lossless-cut/backend/internal/api/handlers.(*DownloadHandler).Start-fm (4 handlers)
[GIN-debug] GET    /api/downloads            --> github.com/mifi/lossless-cut/backend/internal/api/handlers.(*DownloadHandler).List-fm (4 handlers)
[GIN-debug] DELETE /api/downloads            --> github.com/mifi/lossless-cut/backend/internal/api/handlers.(*DownloadHandler).ClearAll-fm (4 handlers)
[GIN-debug] GET    /api/downloads/:id        --> github.com/mifi/lossless-cut/backend/internal/api/handlers.(*DownloadHandler).Get-fm (4 handlers)
[GIN-debug] POST   /api/downloads/:id/cancel --> github.com/mifi/lossless-cut/backend/internal/api/handlers.(*DownloadHandler).Cancel-fm (4 handlers)
[GIN-debug] GET    /api/operations/:id       --> github.com/mifi/lossless-cut/backend/internal/api/handlers.(*OperationHandler).GetStatus-fm (4 handlers)
[GIN-debug] GET    /api/outputs/:filename    --> github.com/mifi/lossless-cut/backend/internal/api.NewRouter.func3 (4 handlers)
[GIN-debug] GET    /assets/*filepath         --> github.com/gin-gonic/gin.(*RouterGroup).createStaticHandler.func1 (4 handlers)
[GIN-debug] HEAD   /assets/*filepath         --> github.com/gin-gonic/gin.(*RouterGroup).createStaticHandler.func1 (4 handlers)
[GIN-debug] GET    /                         --> github.com/mifi/lossless-cut/backend/internal/api.NewRouter.(*RouterGroup).StaticFile.func6 (4 handlers)
[GIN-debug] HEAD   /                         --> github.com/mifi/lossless-cut/backend/internal/api.NewRouter.(*RouterGroup).StaticFile.func6 (4 handlers)
[GIN-debug] GET    /index.html               --> github.com/mifi/lossless-cut/backend/internal/api.NewRouter.(*RouterGroup).StaticFile.func7 (4 handlers)
[GIN-debug] HEAD   /index.html               --> github.com/mifi/lossless-cut/backend/internal/api.NewRouter.(*RouterGroup).StaticFile.func7 (4 handlers)
{"level":"info","ts":1764646345.446532,"caller":"server/main.go:65","msg":"Starting LosslessCut server","address":"0.0.0.0:8080","storage":"/var/losslesscut"}
[GIN-debug] [WARNING] You trusted all proxies, this is NOT safe. We recommend you to set a value.
Please check https://pkg.go.dev/github.com/gin-gonic/gin#readme-don-t-trust-all-proxies for details.
[GIN-debug] Listening and serving HTTP on 0.0.0.0:8080
{"level":"info","ts":1764646345.4541192,"caller":"middleware/logger.go:21","msg":"HTTP request","method":"GET","path":"/api/system/info","query":"","status":200,"latency":0.000108113,"ip":"::1"}
